{"ts":"2025-09-24T20:19:06.127Z","type":"status","author":"kirara","filename":"0001_task_viewer_setup_done.md","prevFilename":"0001_task_viewer_setup_todo.md","from":"todo","to":"done"}
{"ts":"2025-09-24T20:19:06.909Z","type":"regen","reason":"fs-change","path":"/Users/m2maxkirara/dev/stop_midnight/docs/logs/tasks/0001_task_viewer_setup_todo.md"}
{"ts":"2025-09-24T20:32:44.335Z","type":"regen","reason":"fs-change","path":"/Users/m2maxkirara/dev/stop_midnight/docs/logs/tasks/0002_goal_setting_spec_todo.md"}
{"ts":"2025-09-24T20:33:16.052Z","type":"regen","reason":"fs-change","path":"/Users/m2maxkirara/dev/stop_midnight/docs/logs/tasks/0001_task_viewer_setup_todo.md"}
{"ts":"2025-09-24T20:33:22.181Z","type":"regen","reason":"fs-change","path":"/Users/m2maxkirara/dev/stop_midnight/docs/logs/tasks/0001_task_viewer_setup_todo.md"}
{"ts":"2025-09-24T20:34:53.794Z","type":"regen","reason":"fs-change","path":"/Users/m2maxkirara/dev/stop_midnight/docs/logs/tasks/0001_task_viewer_setup_todo.md"}
{"ts":"2025-09-24T20:34:56.551Z","type":"regen","reason":"fs-change","path":"/Users/m2maxkirara/dev/stop_midnight/docs/logs/tasks/0001_task_viewer_setup_done.md"}
{"ts":"2025-09-24T20:36:41.847Z","type":"save","filename":"0002_goal_setting_spec_todo.md","author":"kirara","fields":["title","body"]}
{"ts":"2025-09-24T20:36:42.609Z","type":"regen","reason":"fs-change","path":"/Users/m2maxkirara/dev/stop_midnight/docs/logs/tasks/0002_goal_setting_spec_todo.md"}
{"ts":"2025-09-24T20:36:46.898Z","type":"save","filename":"0002_goal_setting_spec_todo.md","author":"kirara","fields":["title","body"]}
{"ts":"2025-09-24T20:36:47.688Z","type":"regen","reason":"fs-change","path":"/Users/m2maxkirara/dev/stop_midnight/docs/logs/tasks/0002_goal_setting_spec_todo.md"}
{"ts":"2025-09-24T20:36:52.909Z","type":"regen","reason":"fs-change","path":"/Users/m2maxkirara/dev/stop_midnight/docs/logs/tasks/0003_core_flow_brainstorm_backlog.md"}
{"ts":"2025-09-24T20:43:45.948Z","type":"regen","reason":"fs-change","path":"/Users/m2maxkirara/dev/stop_midnight/docs/logs/tasks/0002_goal_setting_spec_todo.md"}
{"ts":"2025-09-24T20:43:57.224Z","type":"regen","reason":"fs-change","path":"/Users/m2maxkirara/dev/stop_midnight/docs/logs/tasks/0002_goal_setting_spec_todo.md"}
{"ts":"2025-09-24T20:44:03.536Z","type":"regen","reason":"fs-change","path":"/Users/m2maxkirara/dev/stop_midnight/docs/logs/tasks/0004_privacy_guard_backlog.md"}
{"ts":"2025-09-24T20:44:23.988Z","type":"regen","reason":"fs-change","path":"/Users/m2maxkirara/dev/stop_midnight/docs/logs/tasks/0003_core_flow_brainstorm_backlog.md"}
{"ts":"2025-09-24T21:19:57.100Z","type":"regen","reason":"fs-change","path":"/Users/m2maxkirara/dev/stop_midnight/docs/logs/tasks/0005_fcm_notification_plan_todo.md"}
{"ts":"2025-09-24T21:24:39.975Z","type":"regen","reason":"fs-change","path":"/Users/m2maxkirara/dev/stop_midnight/docs/logs/tasks/0005_fcm_notification_plan_todo.md"}
{"ts":"2025-09-24T21:26:44.452Z","type":"regen","reason":"fs-change","path":"/Users/m2maxkirara/dev/stop_midnight/docs/logs/tasks/0005_fcm_notification_plan_todo.md"}
{"ts":"2025-09-24T21:36:37.494Z","type":"regen","reason":"fs-change","path":"/Users/m2maxkirara/dev/stop_midnight/docs/logs/tasks/0007_functions_scaffold_todo.md"}
{"ts":"2025-09-24T21:43:00.380Z","type":"regen","reason":"fs-change","path":"/Users/m2maxkirara/dev/stop_midnight/docs/logs/tasks/0006_firebase_cli_setup_todo.md"}
{"ts":"2025-09-24T21:43:18.586Z","type":"regen","reason":"fs-change","path":"/Users/m2maxkirara/dev/stop_midnight/docs/logs/tasks/0006_firebase_cli_setup_todo.md"}
{"ts":"2025-09-24T21:43:22.633Z","type":"regen","reason":"fs-change","path":"/Users/m2maxkirara/dev/stop_midnight/docs/logs/tasks/0006_firebase_cli_setup_review.md"}
{"ts":"2025-09-24T21:43:29.387Z","type":"regen","reason":"fs-change","path":"/Users/m2maxkirara/dev/stop_midnight/docs/logs/tasks/0007_functions_scaffold_todo.md"}
{"ts":"2025-09-24T21:43:38.615Z","type":"regen","reason":"fs-change","path":"/Users/m2maxkirara/dev/stop_midnight/docs/logs/tasks/0007_functions_scaffold_review.md"}
{"ts":"2025-09-24T21:45:11.779Z","type":"regen","reason":"fs-change","path":"/Users/m2maxkirara/dev/stop_midnight/docs/logs/tasks/0006_firebase_cli_setup_review.md"}
{"ts":"2025-09-24T21:45:33.036Z","type":"regen","reason":"fs-change","path":"/Users/m2maxkirara/dev/stop_midnight/docs/logs/tasks/0007_functions_scaffold_review.md"}
{"ts":"2025-09-24T21:46:55.827Z","type":"regen","reason":"fs-change","path":"/Users/m2maxkirara/dev/stop_midnight/docs/logs/tasks/0008_git_repo_setup_todo.md"}
{"ts":"2025-09-24T21:47:59.184Z","type":"regen","reason":"fs-change","path":"/Users/m2maxkirara/dev/stop_midnight/docs/logs/tasks/0008_git_repo_setup_todo.md"}
{"ts":"2025-09-24T21:48:05.407Z","type":"regen","reason":"fs-change","path":"/Users/m2maxkirara/dev/stop_midnight/docs/logs/tasks/0008_git_repo_setup_todo.md"}
{"ts":"2025-09-24T21:48:13.009Z","type":"regen","reason":"fs-change","path":"/Users/m2maxkirara/dev/stop_midnight/docs/logs/tasks/0008_git_repo_setup_review.md"}
{"ts":"2025-09-24T21:48:48.783Z","type":"regen","reason":"fs-change","path":"/Users/m2maxkirara/dev/stop_midnight/docs/logs/tasks/0007_functions_scaffold_done.md"}
{"ts":"2025-09-24T21:48:55.391Z","type":"regen","reason":"fs-change","path":"/Users/m2maxkirara/dev/stop_midnight/docs/logs/tasks/0007_functions_scaffold_done.md"}
{"ts":"2025-09-24T21:50:24.936Z","type":"regen","reason":"fs-change","path":"/Users/m2maxkirara/dev/stop_midnight/docs/logs/tasks/0008_git_repo_setup_done.md"}
{"ts":"2025-09-24T21:50:31.061Z","type":"regen","reason":"fs-change","path":"/Users/m2maxkirara/dev/stop_midnight/docs/logs/tasks/0008_git_repo_setup_done.md"}
{"ts":"2025-09-24T21:53:03.574Z","type":"regen","reason":"fs-change","path":"/Users/m2maxkirara/dev/stop_midnight/docs/logs/tasks/0003_core_flow_brainstorm_backlog.md"}
{"ts":"2025-09-24T21:53:16.976Z","type":"regen","reason":"fs-change","path":"/Users/m2maxkirara/dev/stop_midnight/docs/logs/tasks/0003_core_flow_brainstorm_todo.md"}
{"ts":"2025-09-24T21:58:59.060Z","type":"regen","reason":"fs-change","path":"/Users/m2maxkirara/dev/stop_midnight/docs/logs/tasks/0003_core_flow_brainstorm_todo.md"}
{"ts":"2025-09-24T22:10:17.815Z","type":"regen","reason":"fs-change","path":"/Users/m2maxkirara/dev/stop_midnight/docs/logs/tasks/0003_core_flow_brainstorm_todo.md"}
{"ts":"2025-09-24T22:11:33.256Z","type":"regen","reason":"fs-change","path":"/Users/m2maxkirara/dev/stop_midnight/docs/logs/tasks/0003_core_flow_brainstorm_todo.md"}
{"ts":"2025-09-24T22:17:39.562Z","type":"regen","reason":"fs-change","path":"/Users/m2maxkirara/dev/stop_midnight/docs/logs/tasks/0003_core_flow_brainstorm_todo.md"}
{"ts":"2025-09-24T22:19:37.966Z","type":"regen","reason":"fs-change","path":"/Users/m2maxkirara/dev/stop_midnight/docs/logs/tasks/0009_today_tab_mock_todo.md"}
{"ts":"2025-09-24T22:19:46.190Z","type":"regen","reason":"fs-change","path":"/Users/m2maxkirara/dev/stop_midnight/docs/logs/tasks/0010_calendar_tab_mock_todo.md"}
{"ts":"2025-09-24T22:19:52.265Z","type":"regen","reason":"fs-change","path":"/Users/m2maxkirara/dev/stop_midnight/docs/logs/tasks/0011_setting_tab_mock_todo.md"}
{"ts":"2025-09-24T22:23:09.272Z","type":"regen","reason":"fs-change","path":"/Users/m2maxkirara/dev/stop_midnight/docs/logs/tasks/0011_setting_tab_mock_review.md"}
{"ts":"2025-09-24T22:43:47.034Z","type":"regen","reason":"fs-change","path":"/Users/m2maxkirara/dev/stop_midnight/docs/logs/tasks/0012_today_enhancements_todo.md"}
{"ts":"2025-09-24T22:43:54.441Z","type":"regen","reason":"fs-change","path":"/Users/m2maxkirara/dev/stop_midnight/docs/logs/tasks/0013_calendar_enhancements_todo.md"}
{"ts":"2025-09-24T22:48:14.898Z","type":"regen","reason":"fs-change","path":"/Users/m2maxkirara/dev/stop_midnight/docs/logs/tasks/0003_core_flow_brainstorm_todo.md"}
{"ts":"2025-09-24T22:48:29.736Z","type":"regen","reason":"fs-change","path":"/Users/m2maxkirara/dev/stop_midnight/docs/logs/tasks/0013_calendar_enhancements_review.md"}
{"ts":"2025-09-24T22:51:02.568Z","type":"regen","reason":"fs-change","path":"/Users/m2maxkirara/dev/stop_midnight/docs/logs/tasks/0003_core_flow_brainstorm_todo.md"}
{"ts":"2025-09-24T22:51:13.603Z","type":"regen","reason":"fs-change","path":"/Users/m2maxkirara/dev/stop_midnight/docs/logs/tasks/0013_calendar_enhancements_done.md"}
{"ts":"2025-09-24T22:51:24.427Z","type":"regen","reason":"fs-change","path":"/Users/m2maxkirara/dev/stop_midnight/docs/logs/tasks/0003_core_flow_brainstorm_done.md"}
{"ts":"2025-09-24T22:56:53.895Z","type":"regen","reason":"fs-change","path":"/Users/m2maxkirara/dev/stop_midnight/docs/logs/tasks/0014_frontend_impl_todo.md"}
{"ts":"2025-09-24T22:57:00.788Z","type":"regen","reason":"fs-change","path":"/Users/m2maxkirara/dev/stop_midnight/docs/logs/tasks/0015_fcm_integration_plan_todo.md"}
{"ts":"2025-09-25T05:33:03.884Z","type":"regen","reason":"fs-change","path":"/Users/m2maxkirara/dev/stop_midnight/docs/logs/tasks/0014_frontend_impl_review.md"}
{"ts":"2025-09-25T05:38:33.428Z","type":"regen","reason":"fs-change","path":"/Users/m2maxkirara/dev/stop_midnight/docs/logs/tasks/0016_node_version_setup_done.md"}
{"ts":"2025-09-25T06:07:11.408Z","type":"regen","reason":"fs-change","path":"/Users/m2maxkirara/dev/stop_midnight/docs/logs/tasks/0017_calendar_review_enhancements_todo.md"}
{"ts":"2025-09-25T06:07:19.101Z","type":"regen","reason":"fs-change","path":"/Users/m2maxkirara/dev/stop_midnight/docs/logs/tasks/0018_gamification_concept_todo.md"}
{"ts":"2025-09-25T06:10:48.379Z","type":"regen","reason":"fs-change","path":"/Users/m2maxkirara/dev/stop_midnight/docs/logs/tasks/0018_gamification_concept_review.md"}
{"ts":"2025-09-25T06:51:35.614Z","type":"regen","reason":"fs-change","path":"/Users/m2maxkirara/dev/stop_midnight/docs/logs/tasks/0019_today_state_flow_todo.md"}
{"ts":"2025-09-25T06:51:44.194Z","type":"regen","reason":"fs-change","path":"/Users/m2maxkirara/dev/stop_midnight/docs/logs/tasks/0020_calendar_edit_flow_todo.md"}
{"ts":"2025-09-25T06:51:55.821Z","type":"regen","reason":"fs-change","path":"/Users/m2maxkirara/dev/stop_midnight/docs/logs/tasks/0018_gamification_concept_todo.md"}
{"ts":"2025-09-25T06:52:36.029Z","type":"regen","reason":"fs-change","path":"/Users/m2maxkirara/dev/stop_midnight/docs/logs/tasks/0021_repository_deepdive_todo.md"}
{"ts":"2025-09-25T06:59:12.515Z","type":"regen","reason":"fs-change","path":"/Users/m2maxkirara/dev/stop_midnight/docs/logs/tasks/0019_today_state_flow_review.md"}
{"ts":"2025-09-25T07:04:45.044Z","type":"regen","reason":"fs-change","path":"/Users/m2maxkirara/dev/stop_midnight/docs/logs/tasks/0021_gamification_deepdive_todo.md"}
{"ts":"2025-09-25T07:04:54.670Z","type":"status","author":"kirara","filename":"0021_repository_deepdive_done.md","prevFilename":"0021_repository_deepdive_todo.md","from":"todo","to":"done"}
{"ts":"2025-09-25T07:04:55.454Z","type":"regen","reason":"fs-change","path":"/Users/m2maxkirara/dev/stop_midnight/docs/logs/tasks/0021_repository_deepdive_todo.md"}
{"ts":"2025-09-25T07:04:56.507Z","type":"regen","reason":"fs-change","path":"/Users/m2maxkirara/dev/stop_midnight/docs/logs/tasks/0022_tabbar_ui_fix_todo.md"}

[2025-09-25 16:44:26] === New Session Started ===
{"ts":"2025-09-25T07:53:34.349Z","type":"regen","reason":"fs-change","path":"/Users/m2maxkirara/dev/stop_midnight/docs/logs/tasks/0020_calendar_edit_flow_review.md"}
{"ts":"2025-09-25T07:56:20.432Z","type":"status","author":"kirara","filename":"0020_calendar_edit_flow_done.md","prevFilename":"0020_calendar_edit_flow_review.md","from":"review","to":"done"}
{"ts":"2025-09-25T07:56:21.212Z","type":"regen","reason":"fs-change","path":"/Users/m2maxkirara/dev/stop_midnight/docs/logs/tasks/0020_calendar_edit_flow_review.md"}
[2025-09-25 17:01:42] Session completed
{"ts":"2025-09-25T08:01:44.679Z","type":"regen","reason":"fs-change","path":"/Users/m2maxkirara/dev/stop_midnight/docs/logs/tasks/0019_today_state_flow_done.md"}
{"ts":"2025-09-25T08:02:04.856Z","type":"regen","reason":"fs-change","path":"/Users/m2maxkirara/dev/stop_midnight/docs/logs/tasks/0023_calendar_mood_indicator_todo.md"}
{"ts":"2025-09-25T08:09:29.802Z","type":"regen","reason":"fs-change","path":"/Users/m2maxkirara/dev/stop_midnight/docs/logs/tasks/0023_calendar_mood_indicator_review.md"}
{"ts":"2025-09-25T08:09:43.468Z","type":"regen","reason":"fs-change","path":"/Users/m2maxkirara/dev/stop_midnight/docs/logs/tasks/0023_calendar_mood_indicator_review.md"}
{"ts":"2025-09-25T08:47:59.913Z","type":"regen","reason":"fs-change","path":"/Users/m2maxkirara/dev/stop_midnight/docs/logs/tasks/0024_repository_deepdive_todo.md"}
{"ts":"2025-09-25T09:05:04.660Z","type":"status","author":"kirara","filename":"0023_calendar_mood_indicator_done.md","prevFilename":"0023_calendar_mood_indicator_review.md","from":"review","to":"done"}
{"ts":"2025-09-25T09:05:05.460Z","type":"regen","reason":"fs-change","path":"/Users/m2maxkirara/dev/stop_midnight/docs/logs/tasks/0023_calendar_mood_indicator_review.md"}
{"ts":"2025-09-25T09:05:17.508Z","type":"status","author":"kirara","filename":"0017_calendar_review_enhancements_done.md","prevFilename":"0017_calendar_review_enhancements_review.md","from":"review","to":"done"}
{"ts":"2025-09-25T09:05:18.293Z","type":"regen","reason":"fs-change","path":"/Users/m2maxkirara/dev/stop_midnight/docs/logs/tasks/0017_calendar_review_enhancements_review.md"}
{"ts":"2025-09-25T09:05:55.312Z","type":"regen","reason":"fs-change","path":"/Users/m2maxkirara/dev/stop_midnight/docs/logs/tasks/0025_ui_refresh_spec_todo.md"}
{"ts":"2025-09-25T09:53:29.300Z","type":"regen","reason":"fs-change","path":"/Users/m2maxkirara/dev/stop_midnight/docs/logs/tasks/0026_fcm_end_to_end_todo.md"}
{"ts":"2025-09-25T10:01:38.371Z","type":"regen","reason":"fs-change","path":"/Users/m2maxkirara/dev/stop_midnight/docs/logs/tasks/0026_fcm_end_to_end_todo.md"}
{"ts":"2025-09-25T11:54:01.764Z","type":"regen","reason":"fs-change","path":"/Users/m2maxkirara/dev/stop_midnight/docs/logs/tasks/0026_fcm_end_to_end_todo.md"}
{"ts":"2025-09-25T12:02:23.079Z","type":"regen","reason":"fs-change","path":"/Users/m2maxkirara/dev/stop_midnight/docs/logs/tasks/0026_fcm_end_to_end_todo.md"}
